# JRE version: OpenJDK Runtime Environment (11.0.2+9) (build 11.0.2+9)
# Java VM: OpenJDK 64-Bit Server VM (11.0.2+9, mixed mode, tiered, compressed oops, g1 gc, windows-amd64)
Heap:
 garbage-first heap   total 262144K, used 45710K [0x00000000e0000000, 0x0000000100000000)
  region size 1024K, 12 young (12288K), 8 survivors (8192K)
 Metaspace       used 60792K, capacity 62698K, committed 62876K, reserved 309248K
  class space    used 7880K, capacity 8640K, committed 8704K, reserved 253952K
GC Heap History (10 events):
Event: 41.039 GC heap before
{Heap before GC invocations=9 (full 0):
 garbage-first heap   total 262144K, used 120853K [0x00000000e0000000, 0x0000000100000000)
  region size 1024K, 100 young (102400K), 7 survivors (7168K)
 Metaspace       used 44895K, capacity 45928K, committed 45980K, reserved 294912K
  class space    used 5731K, capacity 6125K, committed 6144K, reserved 253952K
}
Event: 41.131 GC heap after
{Heap after GC invocations=10 (full 0):
 garbage-first heap   total 262144K, used 29310K [0x00000000e0000000, 0x0000000100000000)
  region size 1024K, 13 young (13312K), 13 survivors (13312K)
 Metaspace       used 44895K, capacity 45928K, committed 45980K, reserved 294912K
  class space    used 5731K, capacity 6125K, committed 6144K, reserved 253952K
}
Event: 51.709 GC heap before
{Heap before GC invocations=11 (full 0):
 garbage-first heap   total 262144K, used 145022K [0x00000000e0000000, 0x0000000100000000)
  region size 1024K, 126 young (129024K), 13 survivors (13312K)
 Metaspace       used 53266K, capacity 54753K, committed 54940K, reserved 303104K
  class space    used 6985K, capacity 7555K, committed 7680K, reserved 253952K
}
Event: 51.828 GC heap after
{Heap after GC invocations=12 (full 0):
 garbage-first heap   total 262144K, used 34480K [0x00000000e0000000, 0x0000000100000000)
  region size 1024K, 12 young (12288K), 12 survivors (12288K)
 Metaspace       used 53266K, capacity 54753K, committed 54940K, reserved 303104K
  class space    used 6985K, capacity 7555K, committed 7680K, reserved 253952K
}
Event: 69.123 GC heap before
{Heap before GC invocations=12 (full 0):
 garbage-first heap   total 262144K, used 163504K [0x00000000e0000000, 0x0000000100000000)
  region size 1024K, 139 young (142336K), 12 survivors (12288K)
 Metaspace       used 59083K, capacity 60855K, committed 61084K, reserved 307200K
  class space    used 7710K, capacity 8421K, committed 8448K, reserved 253952K
}
Event: 69.281 GC heap after
{Heap after GC invocations=13 (full 0):
 garbage-first heap   total 262144K, used 42659K [0x00000000e0000000, 0x0000000100000000)
  region size 1024K, 14 young (14336K), 14 survivors (14336K)
 Metaspace       used 59083K, capacity 60855K, committed 61084K, reserved 307200K
  class space    used 7710K, capacity 8421K, committed 8448K, reserved 253952K
}
Event: 79.613 GC heap before
{Heap before GC invocations=13 (full 0):
 garbage-first heap   total 262144K, used 176803K [0x00000000e0000000, 0x0000000100000000)
  region size 1024K, 145 young (148480K), 14 survivors (14336K)
 Metaspace       used 60375K, capacity 62161K, committed 62236K, reserved 309248K
  class space    used 7827K, capacity 8548K, committed 8576K, reserved 253952K
}
Event: 79.682 GC heap after
{Heap after GC invocations=14 (full 0):
 garbage-first heap   total 262144K, used 44334K [0x00000000e0000000, 0x0000000100000000)
  region size 1024K, 9 young (9216K), 9 survivors (9216K)
 Metaspace       used 60375K, capacity 62161K, committed 62236K, reserved 309248K
  class space    used 7827K, capacity 8548K, committed 8576K, reserved 253952K
}
Event: 82.617 GC heap before
{Heap before GC invocations=14 (full 0):
 garbage-first heap   total 262144K, used 193838K [0x00000000e0000000, 0x0000000100000000)
  region size 1024K, 153 young (156672K), 9 survivors (9216K)
 Metaspace       used 60601K, capacity 62428K, committed 62620K, reserved 309248K
  class space    used 7859K, capacity 8594K, committed 8704K, reserved 253952K
}
Event: 82.693 GC heap after
{Heap after GC invocations=15 (full 0):
 garbage-first heap   total 262144K, used 42638K [0x00000000e0000000, 0x0000000100000000)
  region size 1024K, 8 young (8192K), 8 survivors (8192K)
 Metaspace       used 60601K, capacity 62428K, committed 62620K, reserved 309248K
  class space    used 7859K, capacity 8594K, committed 8704K, reserved 253952K
}

